<?xml version="1.0" encoding="UTF-8"?>
<!-- Generated by org.testng.reporters.JUnitXMLReporter -->
<testsuite hostname="Abhishek_Gaur" ignored="0" name="mrngReport" tests="10" failures="0" timestamp="22 Oct 2022 07:35:14 GMT" time="0.042" errors="0">
  <testcase name="@BeforeSuite setUp" time="3.483" classname="config.AppUtil1">
    <failure type="org.openqa.selenium.WebDriverException" message="unknown error: net::ERR_INTERNET_DISCONNECTED
  (Session info: chrome=106.0.5249.119)
Build info: version: &amp;apos;3.141.59&amp;apos;, revision: &amp;apos;e82be7d358&amp;apos;, time: &amp;apos;2018-11-14T08:25:53&amp;apos;
System info: host: &amp;apos;ABHISHEK_GAUR&amp;apos;, ip: &amp;apos;127.0.0.1&amp;apos;, os.name: &amp;apos;Windows 11&amp;apos;, os.arch: &amp;apos;amd64&amp;apos;, os.version: &amp;apos;10.0&amp;apos;, java.version: &amp;apos;1.8.0_333&amp;apos;
Driver info: org.openqa.selenium.chrome.ChromeDriver
Capabilities {acceptInsecureCerts: false, browserName: chrome, browserVersion: 106.0.5249.119, chrome: {chromedriverVersion: 106.0.5249.61 (511755355844..., userDataDir: C:\Users\abhis\AppData\Loca...}, goog:chromeOptions: {debuggerAddress: localhost:55708}, javascriptEnabled: true, networkConnectionEnabled: false, pageLoadStrategy: normal, platform: WINDOWS, platformName: WINDOWS, proxy: Proxy(), setWindowRect: true, strictFileInteractability: false, timeouts: {implicit: 0, pageLoad: 300000, script: 30000}, unhandledPromptBehavior: dismiss and notify, webauthn:extension:credBlob: true, webauthn:extension:largeBlob: true, webauthn:virtualAuthenticators: true}
Session ID: 88b3040f1c7981e6daeedd66d96a984a">
      <![CDATA[org.openqa.selenium.WebDriverException: unknown error: net::ERR_INTERNET_DISCONNECTED
  (Session info: chrome=106.0.5249.119)
Build info: version: '3.141.59', revision: 'e82be7d358', time: '2018-11-14T08:25:53'
System info: host: 'ABHISHEK_GAUR', ip: '127.0.0.1', os.name: 'Windows 11', os.arch: 'amd64', os.version: '10.0', java.version: '1.8.0_333'
Driver info: org.openqa.selenium.chrome.ChromeDriver
Capabilities {acceptInsecureCerts: false, browserName: chrome, browserVersion: 106.0.5249.119, chrome: {chromedriverVersion: 106.0.5249.61 (511755355844..., userDataDir: C:\Users\abhis\AppData\Loca...}, goog:chromeOptions: {debuggerAddress: localhost:55708}, javascriptEnabled: true, networkConnectionEnabled: false, pageLoadStrategy: normal, platform: WINDOWS, platformName: WINDOWS, proxy: Proxy(), setWindowRect: true, strictFileInteractability: false, timeouts: {implicit: 0, pageLoad: 300000, script: 30000}, unhandledPromptBehavior: dismiss and notify, webauthn:extension:credBlob: true, webauthn:extension:largeBlob: true, webauthn:virtualAuthenticators: true}
Session ID: 88b3040f1c7981e6daeedd66d96a984a
	at org.openqa.selenium.remote.http.W3CHttpResponseCodec.createException(W3CHttpResponseCodec.java:187)
	at org.openqa.selenium.remote.http.W3CHttpResponseCodec.decode(W3CHttpResponseCodec.java:122)
	at org.openqa.selenium.remote.http.W3CHttpResponseCodec.decode(W3CHttpResponseCodec.java:49)
	at org.openqa.selenium.remote.HttpCommandExecutor.execute(HttpCommandExecutor.java:158)
	at org.openqa.selenium.remote.service.DriverCommandExecutor.execute(DriverCommandExecutor.java:83)
	at org.openqa.selenium.remote.RemoteWebDriver.execute(RemoteWebDriver.java:552)
	at org.openqa.selenium.remote.RemoteWebDriver.get(RemoteWebDriver.java:277)
	at config.AppUtil1.setUp(AppUtil1.java:18)
... Removed 23 stack frames]]>
    </failure>
  </testcase> <!-- @BeforeSuite setUp -->
  <testcase name="@BeforeTest beforeTest" time="0.0" classname="sep16.firstTestNGClass">
    <skipped/>
  </testcase> <!-- @BeforeTest beforeTest -->
  <testcase name="@BeforeMethod setup" time="0.0" classname="config.AppUtil">
    <skipped/>
  </testcase> <!-- @BeforeMethod setup -->
  <testcase name="@BeforeMethod setup" time="0.0" classname="config.AppUtil">
    <skipped/>
  </testcase> <!-- @BeforeMethod setup -->
  <testcase name="@BeforeMethod setup" time="0.0" classname="config.AppUtil">
    <skipped/>
  </testcase> <!-- @BeforeMethod setup -->
  <testcase name="@AfterTest afterTest" time="0.0" classname="sep16.firstTestNGClass">
    <skipped/>
  </testcase> <!-- @AfterTest afterTest -->
  <testcase name="cbanking" time="0.0" classname="sep16.firstTestNGClass">
    <skipped/>
  </testcase> <!-- cbanking -->
  <testcase name="ibanking" time="0.0" classname="sep16.firstTestNGClass">
    <skipped/>
  </testcase> <!-- ibanking -->
  <testcase name="pbanking" time="0.0" classname="sep16.firstTestNGClass">
    <skipped/>
  </testcase> <!-- pbanking -->
  <testcase name="multiplication" time="0.0" classname="sep17.SecondTestNG">
    <skipped/>
  </testcase> <!-- multiplication -->
  <testcase name="branches" time="0.0" classname="sep17.ThirdTestNGClass">
    <skipped/>
  </testcase> <!-- branches -->
  <testcase name="employee" time="0.0" classname="sep17.ThirdTestNGClass">
    <skipped/>
  </testcase> <!-- employee -->
  <testcase name="roles" time="0.0" classname="sep17.ThirdTestNGClass">
    <skipped/>
  </testcase> <!-- roles -->
  <testcase name="users" time="0.0" classname="sep17.ThirdTestNGClass">
    <skipped/>
  </testcase> <!-- users -->
  <testcase name="division" time="0.0" classname="sep17.SecondTestNG">
    <skipped/>
  </testcase> <!-- division -->
  <testcase name="addition" time="0.0" classname="sep17.SecondTestNG">
    <skipped/>
  </testcase> <!-- addition -->
</testsuite> <!-- mrngReport -->
